<?xml version="1.0" encoding="UTF-8"?>
<testng-results ignored="0" total="1" passed="1" failed="0" skipped="0">
  <reporter-output>
  </reporter-output>
  <suite started-at="2025-07-28T18:46:00 IST" name="Suite" finished-at="2025-07-28T18:46:45 IST" duration-ms="44801">
    <groups>
    </groups>
    <test started-at="2025-07-28T18:46:00 IST" name="keyword_driven" finished-at="2025-07-28T18:46:45 IST" duration-ms="44801">
      <class name="keyword_driven_model.TestRunner">
        <test-method signature="run()[pri:0, instance:keyword_driven_model.TestRunner@1caa0244]" started-at="2025-07-28T18:46:00 IST" name="run" finished-at="2025-07-28T18:46:45 IST" duration-ms="44690" status="PASS">
          <reporter-output>
          </reporter-output>
        </test-method> <!-- run -->
      </class> <!-- keyword_driven_model.TestRunner -->
    </test> <!-- keyword_driven -->
  </suite> <!-- Suite -->
</testng-results>
