<?xml version="1.0" encoding="UTF-8"?>
<testng-results ignored="0" total="1" passed="0" failed="0" skipped="1">
  <reporter-output>
  </reporter-output>
  <suite started-at="2025-02-13T11:45:31 IST" name="Default suite" finished-at="2025-02-13T11:45:31 IST" duration-ms="81">
    <groups>
    </groups>
    <test started-at="2025-02-13T11:45:31 IST" name="Default test" finished-at="2025-02-13T11:45:31 IST" duration-ms="81">
      <class name="Appium.Loginpage">
        <test-method is-config="true" signature="setup()[pri:0, instance:Appium.Loginpage@7e990ed7]" started-at="2025-02-13T11:45:21 IST" name="setup" finished-at="2025-02-13T11:45:31 IST" duration-ms="9497" status="FAIL">
          <exception class="org.openqa.selenium.SessionNotCreatedException">
            <message>
              <![CDATA[Could not start a new session. Response code 404. Message: The requested resource could not be found, or a request was received using an HTTP method that is not supported by the mapped resource 
Host info: host: 'SGIVDI-0079', ip: '172.23.6.217'
Build info: version: '4.28.1', revision: '73f5ad48a2'
System info: os.name: 'Windows 10', os.arch: 'amd64', os.version: '10.0', java.version: '22.0.2'
Driver info: io.appium.java_client.android.AndroidDriver
Command: [null, newSession {capabilities=[Capabilities {appium:app: D:\androidapk\INova2.O(5).apk, appium:appActivity: com.inova.sgi.MainActivity, appium:appPackage: com.inova.sgi, appium:autoGrantPermissions: true, appium:automationName: UIAutomator2, appium:deviceName: Abiman Z, appium:isRealDevice: false, appium:newCommandTimeout: 60, appium:udid: 10BD4U1CC10006B, platformName: ANDROID}]}]
Capabilities {appium:app: D:\androidapk\INova2.O(5).apk, appium:appActivity: com.inova.sgi.MainActivity, appium:appPackage: com.inova.sgi, appium:autoGrantPermissions: true, appium:automationName: UIAutomator2, appium:deviceName: Abiman Z, appium:isRealDevice: false, appium:newCommandTimeout: 60, appium:udid: 10BD4U1CC10006B, platformName: ANDROID}]]>
            </message>
            <full-stacktrace>
              <![CDATA[org.openqa.selenium.SessionNotCreatedException: Could not start a new session. Response code 404. Message: The requested resource could not be found, or a request was received using an HTTP method that is not supported by the mapped resource 
Host info: host: 'SGIVDI-0079', ip: '172.23.6.217'
Build info: version: '4.28.1', revision: '73f5ad48a2'
System info: os.name: 'Windows 10', os.arch: 'amd64', os.version: '10.0', java.version: '22.0.2'
Driver info: io.appium.java_client.android.AndroidDriver
Command: [null, newSession {capabilities=[Capabilities {appium:app: D:\androidapk\INova2.O(5).apk, appium:appActivity: com.inova.sgi.MainActivity, appium:appPackage: com.inova.sgi, appium:autoGrantPermissions: true, appium:automationName: UIAutomator2, appium:deviceName: Abiman Z, appium:isRealDevice: false, appium:newCommandTimeout: 60, appium:udid: 10BD4U1CC10006B, platformName: ANDROID}]}]
Capabilities {appium:app: D:\androidapk\INova2.O(5).apk, appium:appActivity: com.inova.sgi.MainActivity, appium:appPackage: com.inova.sgi, appium:autoGrantPermissions: true, appium:automationName: UIAutomator2, appium:deviceName: Abiman Z, appium:isRealDevice: false, appium:newCommandTimeout: 60, appium:udid: 10BD4U1CC10006B, platformName: ANDROID}
at org.openqa.selenium.remote.ProtocolHandshake.createSession(ProtocolHandshake.java:114)
at org.openqa.selenium.remote.ProtocolHandshake.createSession(ProtocolHandshake.java:75)
at org.openqa.selenium.remote.ProtocolHandshake.createSession(ProtocolHandshake.java:61)
at io.appium.java_client.remote.AppiumCommandExecutor.createSession(AppiumCommandExecutor.java:176)
at io.appium.java_client.remote.AppiumCommandExecutor.execute(AppiumCommandExecutor.java:237)
at org.openqa.selenium.remote.RemoteWebDriver.execute(RemoteWebDriver.java:545)
at io.appium.java_client.AppiumDriver.startSession(AppiumDriver.java:270)
at org.openqa.selenium.remote.RemoteWebDriver.<init>(RemoteWebDriver.java:174)
at io.appium.java_client.AppiumDriver.<init>(AppiumDriver.java:91)
at io.appium.java_client.AppiumDriver.<init>(AppiumDriver.java:103)
at io.appium.java_client.android.AndroidDriver.<init>(AndroidDriver.java:109)
at Appium.Loginpage.setup(Loginpage.java:45)
at java.base/jdk.internal.reflect.DirectMethodHandleAccessor.invoke(DirectMethodHandleAccessor.java:103)
at java.base/java.lang.reflect.Method.invoke(Method.java:580)
at org.testng.internal.invokers.MethodInvocationHelper.invokeMethod(MethodInvocationHelper.java:141)
at org.testng.internal.invokers.MethodInvocationHelper.invokeMethodConsideringTimeout(MethodInvocationHelper.java:71)
at org.testng.internal.invokers.ConfigInvoker.invokeConfigurationMethod(ConfigInvoker.java:400)
at org.testng.internal.invokers.ConfigInvoker.invokeConfigurations(ConfigInvoker.java:333)
at org.testng.SuiteRunner.privateRun(SuiteRunner.java:358)
at org.testng.SuiteRunner.run(SuiteRunner.java:312)
at org.testng.SuiteRunnerWorker.runSuite(SuiteRunnerWorker.java:52)
at org.testng.SuiteRunnerWorker.run(SuiteRunnerWorker.java:95)
at org.testng.TestNG.runSuitesSequentially(TestNG.java:1274)
at org.testng.TestNG.runSuitesLocally(TestNG.java:1208)
at org.testng.TestNG.runSuites(TestNG.java:1112)
at org.testng.TestNG.run(TestNG.java:1079)
at org.testng.remote.AbstractRemoteTestNG.run(AbstractRemoteTestNG.java:115)
at org.testng.remote.RemoteTestNG.initAndRun(RemoteTestNG.java:293)
at org.testng.remote.RemoteTestNG.main(RemoteTestNG.java:91)
]]>
            </full-stacktrace>
          </exception> <!-- org.openqa.selenium.SessionNotCreatedException -->
          <reporter-output>
          </reporter-output>
        </test-method> <!-- setup -->
        <test-method signature="login()[pri:0, instance:Appium.Loginpage@7e990ed7]" started-at="2025-02-13T11:45:31 IST" name="login" finished-at="2025-02-13T11:45:31 IST" duration-ms="0" status="SKIP">
          <exception class="org.openqa.selenium.SessionNotCreatedException">
            <message>
              <![CDATA[Could not start a new session. Response code 404. Message: The requested resource could not be found, or a request was received using an HTTP method that is not supported by the mapped resource 
Host info: host: 'SGIVDI-0079', ip: '172.23.6.217'
Build info: version: '4.28.1', revision: '73f5ad48a2'
System info: os.name: 'Windows 10', os.arch: 'amd64', os.version: '10.0', java.version: '22.0.2'
Driver info: io.appium.java_client.android.AndroidDriver
Command: [null, newSession {capabilities=[Capabilities {appium:app: D:\androidapk\INova2.O(5).apk, appium:appActivity: com.inova.sgi.MainActivity, appium:appPackage: com.inova.sgi, appium:autoGrantPermissions: true, appium:automationName: UIAutomator2, appium:deviceName: Abiman Z, appium:isRealDevice: false, appium:newCommandTimeout: 60, appium:udid: 10BD4U1CC10006B, platformName: ANDROID}]}]
Capabilities {appium:app: D:\androidapk\INova2.O(5).apk, appium:appActivity: com.inova.sgi.MainActivity, appium:appPackage: com.inova.sgi, appium:autoGrantPermissions: true, appium:automationName: UIAutomator2, appium:deviceName: Abiman Z, appium:isRealDevice: false, appium:newCommandTimeout: 60, appium:udid: 10BD4U1CC10006B, platformName: ANDROID}]]>
            </message>
            <full-stacktrace>
              <![CDATA[org.openqa.selenium.SessionNotCreatedException: Could not start a new session. Response code 404. Message: The requested resource could not be found, or a request was received using an HTTP method that is not supported by the mapped resource 
Host info: host: 'SGIVDI-0079', ip: '172.23.6.217'
Build info: version: '4.28.1', revision: '73f5ad48a2'
System info: os.name: 'Windows 10', os.arch: 'amd64', os.version: '10.0', java.version: '22.0.2'
Driver info: io.appium.java_client.android.AndroidDriver
Command: [null, newSession {capabilities=[Capabilities {appium:app: D:\androidapk\INova2.O(5).apk, appium:appActivity: com.inova.sgi.MainActivity, appium:appPackage: com.inova.sgi, appium:autoGrantPermissions: true, appium:automationName: UIAutomator2, appium:deviceName: Abiman Z, appium:isRealDevice: false, appium:newCommandTimeout: 60, appium:udid: 10BD4U1CC10006B, platformName: ANDROID}]}]
Capabilities {appium:app: D:\androidapk\INova2.O(5).apk, appium:appActivity: com.inova.sgi.MainActivity, appium:appPackage: com.inova.sgi, appium:autoGrantPermissions: true, appium:automationName: UIAutomator2, appium:deviceName: Abiman Z, appium:isRealDevice: false, appium:newCommandTimeout: 60, appium:udid: 10BD4U1CC10006B, platformName: ANDROID}
at org.openqa.selenium.remote.ProtocolHandshake.createSession(ProtocolHandshake.java:114)
at org.openqa.selenium.remote.ProtocolHandshake.createSession(ProtocolHandshake.java:75)
at org.openqa.selenium.remote.ProtocolHandshake.createSession(ProtocolHandshake.java:61)
at io.appium.java_client.remote.AppiumCommandExecutor.createSession(AppiumCommandExecutor.java:176)
at io.appium.java_client.remote.AppiumCommandExecutor.execute(AppiumCommandExecutor.java:237)
at org.openqa.selenium.remote.RemoteWebDriver.execute(RemoteWebDriver.java:545)
at io.appium.java_client.AppiumDriver.startSession(AppiumDriver.java:270)
at org.openqa.selenium.remote.RemoteWebDriver.<init>(RemoteWebDriver.java:174)
at io.appium.java_client.AppiumDriver.<init>(AppiumDriver.java:91)
at io.appium.java_client.AppiumDriver.<init>(AppiumDriver.java:103)
at io.appium.java_client.android.AndroidDriver.<init>(AndroidDriver.java:109)
at Appium.Loginpage.setup(Loginpage.java:45)
at java.base/jdk.internal.reflect.DirectMethodHandleAccessor.invoke(DirectMethodHandleAccessor.java:103)
at java.base/java.lang.reflect.Method.invoke(Method.java:580)
at org.testng.internal.invokers.MethodInvocationHelper.invokeMethod(MethodInvocationHelper.java:141)
at org.testng.internal.invokers.MethodInvocationHelper.invokeMethodConsideringTimeout(MethodInvocationHelper.java:71)
at org.testng.internal.invokers.ConfigInvoker.invokeConfigurationMethod(ConfigInvoker.java:400)
at org.testng.internal.invokers.ConfigInvoker.invokeConfigurations(ConfigInvoker.java:333)
at org.testng.SuiteRunner.privateRun(SuiteRunner.java:358)
at org.testng.SuiteRunner.run(SuiteRunner.java:312)
at org.testng.SuiteRunnerWorker.runSuite(SuiteRunnerWorker.java:52)
at org.testng.SuiteRunnerWorker.run(SuiteRunnerWorker.java:95)
at org.testng.TestNG.runSuitesSequentially(TestNG.java:1274)
at org.testng.TestNG.runSuitesLocally(TestNG.java:1208)
at org.testng.TestNG.runSuites(TestNG.java:1112)
at org.testng.TestNG.run(TestNG.java:1079)
at org.testng.remote.AbstractRemoteTestNG.run(AbstractRemoteTestNG.java:115)
at org.testng.remote.RemoteTestNG.initAndRun(RemoteTestNG.java:293)
at org.testng.remote.RemoteTestNG.main(RemoteTestNG.java:91)
]]>
            </full-stacktrace>
          </exception> <!-- org.openqa.selenium.SessionNotCreatedException -->
          <reporter-output>
          </reporter-output>
        </test-method> <!-- login -->
      </class> <!-- Appium.Loginpage -->
    </test> <!-- Default test -->
  </suite> <!-- Default suite -->
</testng-results>
