<?xml version="1.0" encoding="UTF-8"?>
<testng-results ignored="0" total="1" passed="1" failed="0" skipped="0">
  <reporter-output>
  </reporter-output>
  <suite started-at="2025-02-03T11:06:06 IST" name="Default suite" finished-at="2025-02-03T11:06:07 IST" duration-ms="873">
    <groups>
      <group name="cucumber">
        <method signature="AbstractTestNGCucumberTests.runScenario(io.cucumber.testng.PickleWrapper,io.cucumber.testng.FeatureWrapper)[pri:0, instance:testRunner.example_runner@5b247367]" name="runScenario" class="io.cucumber.testng.AbstractTestNGCucumberTests"/>
      </group> <!-- cucumber -->
    </groups>
    <test started-at="2025-02-03T11:06:06 IST" name="Default test" finished-at="2025-02-03T11:06:07 IST" duration-ms="873">
      <class name="testRunner.example_runner">
        <test-method is-config="true" signature="setUpClass(org.testng.ITestContext)[pri:0, instance:testRunner.example_runner@5b247367]" started-at="2025-02-03T11:06:06 IST" name="setUpClass" finished-at="2025-02-03T11:06:07 IST" duration-ms="473" status="PASS">
          <params>
            <param index="0">
              <value>
                <![CDATA[org.testng.TestRunner@1ce61929]]>
              </value>
            </param>
          </params>
          <reporter-output>
          </reporter-output>
        </test-method> <!-- setUpClass -->
        <test-method signature="runScenario(io.cucumber.testng.PickleWrapper,io.cucumber.testng.FeatureWrapper)[pri:0, instance:testRunner.example_runner@5b247367]" started-at="2025-02-03T11:06:07 IST" name="runScenario" description="Runs Cucumber Scenarios" data-provider="scenarios" finished-at="2025-02-03T11:06:07 IST" duration-ms="240" status="PASS">
          <params>
            <param index="0">
              <value>
                <![CDATA["Remmitance in NOVA CBS"]]>
              </value>
            </param>
            <param index="1">
              <value>
                <![CDATA["Title of your feature"]]>
              </value>
            </param>
          </params>
          <reporter-output>
          </reporter-output>
        </test-method> <!-- runScenario -->
        <test-method is-config="true" signature="tearDownClass()[pri:0, instance:testRunner.example_runner@5b247367]" started-at="2025-02-03T11:06:07 IST" name="tearDownClass" finished-at="2025-02-03T11:06:07 IST" duration-ms="4" status="PASS">
          <reporter-output>
          </reporter-output>
        </test-method> <!-- tearDownClass -->
      </class> <!-- testRunner.example_runner -->
    </test> <!-- Default test -->
  </suite> <!-- Default suite -->
</testng-results>
