<?xml version="1.0" encoding="UTF-8"?>
<!-- Generated by org.testng.reporters.JUnitXMLReporter -->
<testsuite ignored="0" hostname="SGIVDI-0079" failures="0" tests="1" name="Marine_proposal" time="0.137" errors="0" timestamp="2024-10-03T16:25:30 IST">
  <testcase classname="com.proposal.Marine_proposal" name="@BeforeTest setup" time="0.037">
    <failure type="java.lang.NullPointerException" message="Cannot invoke &amp;quot;org.openqa.selenium.WebDriver.get(String)&amp;quot; because &amp;quot;this.driver&amp;quot; is null">
      <![CDATA[java.lang.NullPointerException: Cannot invoke "org.openqa.selenium.WebDriver.get(String)" because "this.driver" is null
at com.proposal.Marine_proposal.setup(Marine_proposal.java:42)
... Removed 22 stack frames]]>
    </failure>
  </testcase> <!-- @BeforeTest setup -->
  <testcase classname="com.proposal.Marine_proposal" name="navigate" time="0.0">
    <skipped/>
  </testcase> <!-- navigate -->
</testsuite> <!-- Marine_proposal -->
